{"/Users/aboussarath/Desktop/work/product-overview/server/app.js": {"path":"/Users/aboussarath/Desktop/work/product-overview/server/app.js","statementMap":{"0":{"start":{"line":1,"column":16},"end":{"line":1,"column":34}},"1":{"start":{"line":2,"column":15},"end":{"line":2,"column":37}},"2":{"start":{"line":3,"column":12},"end":{"line":3,"column":21}},"3":{"start":{"line":5,"column":0},"end":{"line":7,"column":2}},"4":{"start":{"line":6,"column":2},"end":{"line":6,"column":26}},"5":{"start":{"line":9,"column":0},"end":{"line":9,"column":29}},"6":{"start":{"line":13,"column":0},"end":{"line":13,"column":21}}},"fnMap":{"0":{"name":"(anonymous_0)","decl":{"start":{"line":5,"column":13},"end":{"line":5,"column":14}},"loc":{"start":{"line":5,"column":27},"end":{"line":7,"column":1}},"line":5}},"branchMap":{},"s":{"0":1,"1":1,"2":1,"3":1,"4":0,"5":1,"6":1},"f":{"0":0},"b":{},"_coverageSchema":"1a1c01bbd47fc00a2c39e90264f33305004495a9","hash":"b67fb575959c6319181e3d8c7d1fbf9477317806"}
,"/Users/aboussarath/Desktop/work/product-overview/server/controllers.js": {"path":"/Users/aboussarath/Desktop/work/product-overview/server/controllers.js","statementMap":{"0":{"start":{"line":1,"column":13},"end":{"line":1,"column":35}},"1":{"start":{"line":2,"column":9},"end":{"line":2,"column":27}},"2":{"start":{"line":4,"column":15},"end":{"line":16,"column":1}},"3":{"start":{"line":7,"column":4},"end":{"line":14,"column":6}},"4":{"start":{"line":9,"column":6},"end":{"line":9,"column":37}},"5":{"start":{"line":12,"column":6},"end":{"line":12,"column":49}},"6":{"start":{"line":13,"column":6},"end":{"line":13,"column":20}},"7":{"start":{"line":18,"column":13},"end":{"line":22,"column":1}},"8":{"start":{"line":20,"column":4},"end":{"line":20,"column":42}},"9":{"start":{"line":24,"column":14},"end":{"line":28,"column":1}},"10":{"start":{"line":26,"column":4},"end":{"line":26,"column":52}},"11":{"start":{"line":30,"column":0},"end":{"line":34,"column":1}}},"fnMap":{"0":{"name":"(anonymous_0)","decl":{"start":{"line":5,"column":7},"end":{"line":5,"column":8}},"loc":{"start":{"line":5,"column":21},"end":{"line":15,"column":3}},"line":5},"1":{"name":"(anonymous_1)","decl":{"start":{"line":8,"column":10},"end":{"line":8,"column":11}},"loc":{"start":{"line":8,"column":24},"end":{"line":10,"column":5}},"line":8},"2":{"name":"(anonymous_2)","decl":{"start":{"line":11,"column":11},"end":{"line":11,"column":12}},"loc":{"start":{"line":11,"column":20},"end":{"line":14,"column":5}},"line":11},"3":{"name":"(anonymous_3)","decl":{"start":{"line":19,"column":7},"end":{"line":19,"column":8}},"loc":{"start":{"line":19,"column":21},"end":{"line":21,"column":3}},"line":19},"4":{"name":"(anonymous_4)","decl":{"start":{"line":25,"column":7},"end":{"line":25,"column":8}},"loc":{"start":{"line":25,"column":21},"end":{"line":27,"column":3}},"line":25}},"branchMap":{},"s":{"0":1,"1":1,"2":1,"3":2,"4":2,"5":0,"6":0,"7":1,"8":1,"9":1,"10":1,"11":1},"f":{"0":2,"1":2,"2":0,"3":1,"4":1},"b":{},"_coverageSchema":"1a1c01bbd47fc00a2c39e90264f33305004495a9","hash":"8bc41c2cf1eca8de00165009a23c885f0baa5c87"}
,"/Users/aboussarath/Desktop/work/product-overview/server/db.js": {"path":"/Users/aboussarath/Desktop/work/product-overview/server/db.js","statementMap":{"0":{"start":{"line":1,"column":19},"end":{"line":1,"column":32}},"1":{"start":{"line":2,"column":25},"end":{"line":2,"column":78}},"2":{"start":{"line":4,"column":15},"end":{"line":6,"column":2}},"3":{"start":{"line":8,"column":0},"end":{"line":8,"column":17}},"4":{"start":{"line":11,"column":2},"end":{"line":11,"column":21}},"5":{"start":{"line":14,"column":0},"end":{"line":14,"column":34}}},"fnMap":{"0":{"name":"close","decl":{"start":{"line":10,"column":9},"end":{"line":10,"column":14}},"loc":{"start":{"line":10,"column":17},"end":{"line":12,"column":1}},"line":10}},"branchMap":{},"s":{"0":1,"1":1,"2":1,"3":1,"4":0,"5":1},"f":{"0":0},"b":{},"_coverageSchema":"1a1c01bbd47fc00a2c39e90264f33305004495a9","hash":"8ed98505bf46ba7fbdce69ac6414df11089a1881"}
,"/Users/aboussarath/Desktop/work/product-overview/server/models.js": {"path":"/Users/aboussarath/Desktop/work/product-overview/server/models.js","statementMap":{"0":{"start":{"line":1,"column":9},"end":{"line":1,"column":27}},"1":{"start":{"line":3,"column":15},"end":{"line":9,"column":1}},"2":{"start":{"line":5,"column":4},"end":{"line":7,"column":41}},"3":{"start":{"line":6,"column":19},"end":{"line":6,"column":27}},"4":{"start":{"line":7,"column":18},"end":{"line":7,"column":40}},"5":{"start":{"line":11,"column":0},"end":{"line":11,"column":30}}},"fnMap":{"0":{"name":"(anonymous_0)","decl":{"start":{"line":4,"column":10},"end":{"line":4,"column":11}},"loc":{"start":{"line":4,"column":16},"end":{"line":8,"column":3}},"line":4},"1":{"name":"(anonymous_1)","decl":{"start":{"line":6,"column":12},"end":{"line":6,"column":13}},"loc":{"start":{"line":6,"column":19},"end":{"line":6,"column":27}},"line":6},"2":{"name":"(anonymous_2)","decl":{"start":{"line":7,"column":13},"end":{"line":7,"column":14}},"loc":{"start":{"line":7,"column":18},"end":{"line":7,"column":40}},"line":7}},"branchMap":{},"s":{"0":1,"1":1,"2":2,"3":2,"4":0,"5":1},"f":{"0":2,"1":2,"2":0},"b":{},"_coverageSchema":"1a1c01bbd47fc00a2c39e90264f33305004495a9","hash":"1ece768146b5881590b4d1dd234d15430db5015b"}
,"/Users/aboussarath/Desktop/work/product-overview/server/routes.js": {"path":"/Users/aboussarath/Desktop/work/product-overview/server/routes.js","statementMap":{"0":{"start":{"line":1,"column":17},"end":{"line":1,"column":44}},"1":{"start":{"line":2,"column":13},"end":{"line":2,"column":40}},"2":{"start":{"line":3,"column":9},"end":{"line":3,"column":27}},"3":{"start":{"line":5,"column":0},"end":{"line":5,"column":41}},"4":{"start":{"line":6,"column":0},"end":{"line":6,"column":57}},"5":{"start":{"line":7,"column":0},"end":{"line":7,"column":59}},"6":{"start":{"line":9,"column":0},"end":{"line":9,"column":24}}},"fnMap":{},"branchMap":{},"s":{"0":1,"1":1,"2":1,"3":1,"4":1,"5":1,"6":1},"f":{},"b":{},"_coverageSchema":"1a1c01bbd47fc00a2c39e90264f33305004495a9","hash":"7e24c663ee0f88f9f420d690887da1a6208e2e5d"}
}
